[debug] [2021-03-12T16:28:13.354Z] ----------------------------------------------------------------------
[debug] [2021-03-12T16:28:13.356Z] Command:       /Users/kevinsheehan/.nvm/versions/node/v14.8.0/bin/node /Users/kevinsheehan/.nvm/versions/node/v14.8.0/bin/firebase deploy
[debug] [2021-03-12T16:28:13.356Z] CLI Version:   9.6.0
[debug] [2021-03-12T16:28:13.356Z] Platform:      darwin
[debug] [2021-03-12T16:28:13.356Z] Node Version:  v14.8.0
[debug] [2021-03-12T16:28:13.360Z] Time:          Fri Mar 12 2021 11:28:13 GMT-0500 (Eastern Standard Time)
[debug] [2021-03-12T16:28:13.360Z] ----------------------------------------------------------------------
[debug] [2021-03-12T16:28:13.360Z] 
[debug] [2021-03-12T16:28:13.366Z] > command requires scopes: ["email","openid","https://www.googleapis.com/auth/cloudplatformprojects.readonly","https://www.googleapis.com/auth/firebase","https://www.googleapis.com/auth/cloud-platform"]
[debug] [2021-03-12T16:28:13.367Z] > authorizing via signed-in user
[debug] [2021-03-12T16:28:13.367Z] [iam] checking project ds-algorithm-visualizer for permissions ["firebase.projects.get","firebasehosting.sites.update"]
[debug] [2021-03-12T16:28:13.368Z] > refreshing access token with scopes: ["email","https://www.googleapis.com/auth/cloud-platform","https://www.googleapis.com/auth/cloudplatformprojects.readonly","https://www.googleapis.com/auth/firebase","openid"]
[debug] [2021-03-12T16:28:13.369Z] >>> HTTP REQUEST POST https://www.googleapis.com/oauth2/v3/token  
 <request body omitted>
[debug] [2021-03-12T16:28:13.550Z] <<< HTTP RESPONSE 200 {"pragma":"no-cache","expires":"Mon, 01 Jan 1990 00:00:00 GMT","date":"Fri, 12 Mar 2021 16:28:13 GMT","cache-control":"no-cache, no-store, max-age=0, must-revalidate","content-type":"application/json; charset=utf-8","vary":"X-Origin, Referer, Origin,Accept-Encoding","server":"scaffolding on HTTPServer2","x-xss-protection":"0","x-frame-options":"SAMEORIGIN","x-content-type-options":"nosniff","alt-svc":"h3-29=\":443\"; ma=2592000,h3-T051=\":443\"; ma=2592000,h3-Q050=\":443\"; ma=2592000,h3-Q046=\":443\"; ma=2592000,h3-Q043=\":443\"; ma=2592000,quic=\":443\"; ma=2592000; v=\"46,43\"","accept-ranges":"none","transfer-encoding":"chunked"}
[debug] [2021-03-12T16:28:13.576Z] >>> HTTP REQUEST POST https://cloudresourcemanager.googleapis.com/v1/projects/ds-algorithm-visualizer:testIamPermissions  
 {"permissions":["firebase.projects.get","firebasehosting.sites.update"]}
[debug] [2021-03-12T16:28:13.835Z] <<< HTTP RESPONSE 200 {"content-type":"application/json; charset=UTF-8","vary":"X-Origin, Referer, Origin,Accept-Encoding","date":"Fri, 12 Mar 2021 16:28:13 GMT","server":"ESF","cache-control":"private","x-xss-protection":"0","x-frame-options":"SAMEORIGIN","x-content-type-options":"nosniff","server-timing":"gfet4t7; dur=34","alt-svc":"h3-29=\":443\"; ma=2592000,h3-T051=\":443\"; ma=2592000,h3-Q050=\":443\"; ma=2592000,h3-Q046=\":443\"; ma=2592000,h3-Q043=\":443\"; ma=2592000,quic=\":443\"; ma=2592000; v=\"46,43\"","accept-ranges":"none","transfer-encoding":"chunked"}
[debug] [2021-03-12T16:28:13.837Z] > refreshing access token with scopes: []
[debug] [2021-03-12T16:28:13.837Z] >>> HTTP REQUEST POST https://www.googleapis.com/oauth2/v3/token  
 <request body omitted>
[debug] [2021-03-12T16:28:14.016Z] <<< HTTP RESPONSE 200 {"pragma":"no-cache","date":"Fri, 12 Mar 2021 16:28:14 GMT","cache-control":"no-cache, no-store, max-age=0, must-revalidate","expires":"Mon, 01 Jan 1990 00:00:00 GMT","content-type":"application/json; charset=utf-8","vary":"X-Origin, Referer, Origin,Accept-Encoding","server":"scaffolding on HTTPServer2","x-xss-protection":"0","x-frame-options":"SAMEORIGIN","x-content-type-options":"nosniff","alt-svc":"h3-29=\":443\"; ma=2592000,h3-T051=\":443\"; ma=2592000,h3-Q050=\":443\"; ma=2592000,h3-Q046=\":443\"; ma=2592000,h3-Q043=\":443\"; ma=2592000,quic=\":443\"; ma=2592000; v=\"46,43\"","accept-ranges":"none","transfer-encoding":"chunked"}
[debug] [2021-03-12T16:28:14.043Z] >>> [apiv2][query] GET https://firebase.googleapis.com/v1beta1/projects/ds-algorithm-visualizer [none]
[debug] [2021-03-12T16:28:14.343Z] <<< [apiv2][status] GET https://firebase.googleapis.com/v1beta1/projects/ds-algorithm-visualizer 200
[debug] [2021-03-12T16:28:14.343Z] <<< [apiv2][body] GET https://firebase.googleapis.com/v1beta1/projects/ds-algorithm-visualizer {"projectId":"ds-algorithm-visualizer","projectNumber":"110495024928","displayName":"DS-Algorithm-Visualizer","name":"projects/ds-algorithm-visualizer","resources":{"hostingSite":"ds-algorithm-visualizer"},"state":"ACTIVE"}
[info] 
[info] === Deploying to 'ds-algorithm-visualizer'...
[info] 
[info] i  deploying hosting 
[debug] [2021-03-12T16:28:14.346Z] > refreshing access token with scopes: ["email","https://www.googleapis.com/auth/cloud-platform","https://www.googleapis.com/auth/cloudplatformprojects.readonly","https://www.googleapis.com/auth/firebase","openid"]
[debug] [2021-03-12T16:28:14.346Z] >>> HTTP REQUEST POST https://www.googleapis.com/oauth2/v3/token  
 <request body omitted>
[debug] [2021-03-12T16:28:14.440Z] <<< HTTP RESPONSE 200 {"pragma":"no-cache","cache-control":"no-cache, no-store, max-age=0, must-revalidate","expires":"Mon, 01 Jan 1990 00:00:00 GMT","date":"Fri, 12 Mar 2021 16:28:14 GMT","content-type":"application/json; charset=utf-8","vary":"X-Origin, Referer, Origin,Accept-Encoding","server":"scaffolding on HTTPServer2","x-xss-protection":"0","x-frame-options":"SAMEORIGIN","x-content-type-options":"nosniff","alt-svc":"h3-29=\":443\"; ma=2592000,h3-T051=\":443\"; ma=2592000,h3-Q050=\":443\"; ma=2592000,h3-Q046=\":443\"; ma=2592000,h3-Q043=\":443\"; ma=2592000,quic=\":443\"; ma=2592000; v=\"46,43\"","accept-ranges":"none","transfer-encoding":"chunked"}
[debug] [2021-03-12T16:28:14.467Z] >>> HTTP REQUEST POST https://firebasehosting.googleapis.com/v1beta1/sites/ds-algorithm-visualizer/versions  
 {"config":{"rewrites":[{"glob":"**","path":"/index.html"}]},"labels":{"deployment-tool":"cli-firebase"}}
[debug] [2021-03-12T16:28:15.256Z] <<< HTTP RESPONSE 200 {"content-type":"application/json; charset=UTF-8","vary":"X-Origin, Referer, Origin,Accept-Encoding","date":"Fri, 12 Mar 2021 16:28:15 GMT","server":"ESF","cache-control":"private","x-xss-protection":"0","x-frame-options":"SAMEORIGIN","x-content-type-options":"nosniff","alt-svc":"h3-29=\":443\"; ma=2592000,h3-T051=\":443\"; ma=2592000,h3-Q050=\":443\"; ma=2592000,h3-Q046=\":443\"; ma=2592000,h3-Q043=\":443\"; ma=2592000,quic=\":443\"; ma=2592000; v=\"46,43\"","accept-ranges":"none","transfer-encoding":"chunked"}
[info] i  hosting[ds-algorithm-visualizer]: beginning deploy... 
[info] i  hosting[ds-algorithm-visualizer]: found 15 files in build 
[debug] [2021-03-12T16:28:15.268Z] > refreshing access token with scopes: []
[debug] [2021-03-12T16:28:15.268Z] >>> HTTP REQUEST POST https://www.googleapis.com/oauth2/v3/token  
 <request body omitted>
[debug] [2021-03-12T16:28:15.271Z] [hosting] hash cache [YnVpbGQ] stored for 15 files
[debug] [2021-03-12T16:28:15.271Z] [hosting][hash queue][FINAL] {"max":1,"min":0,"avg":0,"active":0,"complete":15,"success":15,"errored":0,"retried":0,"total":15,"elapsed":5}
[debug] [2021-03-12T16:28:16.389Z] <<< HTTP RESPONSE 200 {"cache-control":"no-cache, no-store, max-age=0, must-revalidate","pragma":"no-cache","date":"Fri, 12 Mar 2021 16:28:16 GMT","expires":"Mon, 01 Jan 1990 00:00:00 GMT","content-type":"application/json; charset=utf-8","vary":"X-Origin, Referer, Origin,Accept-Encoding","server":"scaffolding on HTTPServer2","x-xss-protection":"0","x-frame-options":"SAMEORIGIN","x-content-type-options":"nosniff","alt-svc":"h3-29=\":443\"; ma=2592000,h3-T051=\":443\"; ma=2592000,h3-Q050=\":443\"; ma=2592000,h3-Q046=\":443\"; ma=2592000,h3-Q043=\":443\"; ma=2592000,quic=\":443\"; ma=2592000; v=\"46,43\"","accept-ranges":"none","transfer-encoding":"chunked"}
[debug] [2021-03-12T16:28:16.416Z] >>> [apiv2][query] POST https://firebasehosting.googleapis.com/v1beta1/sites/ds-algorithm-visualizer/versions/97abde082706b5e5:populateFiles [none]
[debug] [2021-03-12T16:28:16.416Z] >>> [apiv2][body] POST https://firebasehosting.googleapis.com/v1beta1/sites/ds-algorithm-visualizer/versions/97abde082706b5e5:populateFiles {"files":{"/asset-manifest.json":"6536a6b1c7917de82ff215e50f2faee1194b8fff4b2471a29086a38f2b235aaf","/index.css":"c8a2e713bd5a82838f9a3dd4aefa25987d15fcb27c63bfe0e6640fffccd50edf","/index.html":"398a175da1538c69c48c4eb8d1d37c5abcc2480648ee47bab9a7571e74a2c01b","/logo192.png":"caff018b7f1e8fd481eb1c50d75b0ef236bcd5078b1d15c8bb348453fee30293","/logo512.png":"191fc21360b4ccfb1cda11a1efb97f489ed22672ca83f4064316802bbfdd750e","/robots.txt":"391d14b3c2f8c9143a27a28c7399585142228d4d1bdbe2c87ac946de411fa9a2","/static/css/main.ba86bf63.chunk.css":"3d326c52a82832893f0a1c2400a908a9ca115de4bdd78c5d26cca8a4e53f67b2","/static/css/main.ba86bf63.chunk.css.map":"fd8f2def6d1676618dbf0d3bd039a2a4ccdc687a609733b1a322bc8ff2f34f51","/static/js/2.a8c5e1b9.chunk.js":"6832d5d833f1c284deb4c5fd56e16404a770674fdd3b8ba46219cfcf16bb6210","/static/js/2.a8c5e1b9.chunk.js.LICENSE.txt":"10c6f21b02a3e5df21b9e300b25eded1e0353200e84518db8b2a9e7a3f6fcfe0","/static/js/2.a8c5e1b9.chunk.js.map":"8d1764054a89f4aae3d6c78060ffa5a8d155f407ddf6c18dc8c201087ec093a5","/static/js/main.c36a4db9.chunk.js":"2c7127c368013f69361930c81255eaa1d3483be21ff5c79d52530e12976bb202","/static/js/main.c36a4db9.chunk.js.map":"f96d31b45a222aa09d0f73b8a2f9488a5ae12cac6dbc2acd133f8d680e806c0e","/static/js/runtime-main.c84b395c.js":"d990cc3b4b85140415919847ddfe4b9225ff4e69a8836926a71069e1ed93928e","/static/js/runtime-main.c84b395c.js.map":"f0762f5bdfa8069ffae11000fee3362f151ebd0432a2d51d55710f5d22ee913e"}}
